ActivityPlugin/build/outputs/apk/manifest-merger-debug-report.txt
-- Merging decision tree log ---
manifest
ADDED from AndroidManifest.xml:1:1
	xmlns:android
		ADDED from AndroidManifest.xml:1:11
	package
		ADDED from AndroidManifest.xml:2:5
		INJECTED from AndroidManifest.xml:0:0
		INJECTED from AndroidManifest.xml:0:0
	android:versionName
		ADDED from AndroidManifest.xml:4:5
	android:versionCode
		ADDED from AndroidManifest.xml:3:5
		INJECTED from AndroidManifest.xml:0:0
		INJECTED from AndroidManifest.xml:0:0
uses-sdk
ADDED from AndroidManifest.xml:6:5
MERGED from AtoomaSDKSamples:AtoomaSdk:unspecified:7:5
	android:targetSdkVersion
		ADDED from AndroidManifest.xml:8:9
		INJECTED from AndroidManifest.xml:0:0
		INJECTED from AndroidManifest.xml:0:0
	android:minSdkVersion
		ADDED from AndroidManifest.xml:7:9
		INJECTED from AndroidManifest.xml:0:0
		INJECTED from AndroidManifest.xml:0:0
application
ADDED from AndroidManifest.xml:10:5
MERGED from AtoomaSDKSamples:AtoomaSdk:unspecified:13:5
	android:allowBackup
		ADDED from AtoomaSDKSamples:AtoomaSdk:unspecified:14:9
	android:label
		ADDED from AndroidManifest.xml:10:18
activity#com.atooma.plugin.activity.MainActivity
ADDED from AndroidManifest.xml:11:9
	android:exported
		ADDED from AndroidManifest.xml:13:13
	android:name
		ADDED from AndroidManifest.xml:12:13
service#com.atooma.AtoomaService
ADDED from AndroidManifest.xml:15:9
	android:process
		ADDED from AndroidManifest.xml:17:13
	android:name
		ADDED from AndroidManifest.xml:16:13
receiver#com.atooma.plugin.activity.ACTIVITYReceiver
ADDED from AndroidManifest.xml:19:9
	android:name
		ADDED from AndroidManifest.xml:19:19
intent-filter#com.atooma.plugin.REGISTRATION
ADDED from AndroidManifest.xml:20:13
action#com.atooma.plugin.REGISTRATION
ADDED from AndroidManifest.xml:21:17
	android:name
		ADDED from AndroidManifest.xml:21:25
service#com.atooma.plugin.activity.ACTIVITYRegister
ADDED from AndroidManifest.xml:25:9
	android:name
		ADDED from AndroidManifest.xml:25:18
service#com.atooma.sdk.RegisterService
ADDED from AtoomaSDKSamples:AtoomaSdk:unspecified:11:5
	android:name
		ADDED from AtoomaSDKSamples:AtoomaSdk:unspecified:11:14